<?xml version="1.0" encoding="UTF-8"?>
<!-- Generated by org.testng.reporters.JUnitReportReporter -->
<testsuite hostname="DESKTOP-LMMOT49" failures="0" tests="1" name="tests.FourthTestCase" time="0.449" errors="0" timestamp="2023-04-03T21:37:26 MSK" skipped="0">
  <testcase classname="tests.FourthTestCase" name="customerSearch" time="0.449"/>
  <system-out/>
</testsuite> <!-- tests.FourthTestCase -->
