<?xml version="1.0" encoding="UTF-8"?>
<!-- Generated by org.testng.reporters.JUnitReportReporter -->
<testsuite hostname="DESKTOP-LMMOT49" failures="0" tests="1" name="tests.FirstTestCase" time="0.610" errors="0" timestamp="2023-04-03T21:37:26 MSK" skipped="0">
  <testcase classname="tests.FirstTestCase" name="addNewCustomer" time="0.610"/>
  <system-out/>
</testsuite> <!-- tests.FirstTestCase -->
