<?xml version="1.0" encoding="UTF-8"?>
<!-- Generated by org.testng.reporters.JUnitReportReporter -->
<testsuite hostname="DESKTOP-LMMOT49" failures="0" tests="1" name="tests.SecondTestCase" time="0.460" errors="0" timestamp="2023-04-03T21:37:26 MSK" skipped="0">
  <testcase classname="tests.SecondTestCase" name="sort" time="0.460"/>
  <system-out/>
</testsuite> <!-- tests.SecondTestCase -->
